<?xml version="1.0" encoding="UTF-8"?>
<testng-results ignored="0" total="2" passed="2" failed="0" skipped="0">
  <reporter-output>
  </reporter-output>
  <suite started-at="2023-05-31T22:50:55 IST" name="Suite" finished-at="2023-05-31T22:51:33 IST" duration-ms="38608">
    <groups>
    </groups>
    <test started-at="2023-05-31T22:50:55 IST" name="Test" finished-at="2023-05-31T22:51:33 IST" duration-ms="38608">
      <class name="facebookLogin.login">
        <test-method is-config="true" signature="GenerateReport()[pri:0, instance:facebookLogin.login@7b420819]" started-at="2023-05-31T22:50:55 IST" name="GenerateReport" finished-at="2023-05-31T22:50:55 IST" duration-ms="11" status="PASS">
          <reporter-output>
          </reporter-output>
        </test-method> <!-- GenerateReport -->
        <test-method is-config="true" signature="initializationConfigProperties()[pri:0, instance:facebookLogin.login@7b420819]" started-at="2023-05-31T22:50:55 IST" name="initializationConfigProperties" finished-at="2023-05-31T22:51:15 IST" duration-ms="20005" status="PASS">
          <reporter-output>
          </reporter-output>
        </test-method> <!-- initializationConfigProperties -->
        <test-method is-config="true" signature="setup()[pri:0, instance:facebookLogin.login@7b420819]" started-at="2023-05-31T22:51:15 IST" name="setup" finished-at="2023-05-31T22:51:15 IST" duration-ms="78" status="PASS">
          <reporter-output>
          </reporter-output>
        </test-method> <!-- setup -->
        <test-method signature="loginPass()[pri:1, instance:facebookLogin.login@7b420819]" started-at="2023-05-31T22:51:15 IST" name="loginPass" finished-at="2023-05-31T22:51:29 IST" duration-ms="14057" status="PASS">
          <reporter-output>
          </reporter-output>
        </test-method> <!-- loginPass -->
        <test-method is-config="true" signature="setup()[pri:0, instance:facebookLogin.login@7b420819]" started-at="2023-05-31T22:51:29 IST" name="setup" finished-at="2023-05-31T22:51:29 IST" duration-ms="2" status="PASS">
          <reporter-output>
          </reporter-output>
        </test-method> <!-- setup -->
        <test-method signature="windowSwitch()[pri:2, instance:facebookLogin.login@7b420819]" started-at="2023-05-31T22:51:29 IST" name="windowSwitch" finished-at="2023-05-31T22:51:32 IST" duration-ms="2924" status="PASS">
          <reporter-output>
          </reporter-output>
        </test-method> <!-- windowSwitch -->
        <test-method is-config="true" signature="tearDown()[pri:0, instance:facebookLogin.login@7b420819]" started-at="2023-05-31T22:51:32 IST" name="tearDown" finished-at="2023-05-31T22:51:33 IST" duration-ms="1475" status="PASS">
          <reporter-output>
          </reporter-output>
        </test-method> <!-- tearDown -->
      </class> <!-- facebookLogin.login -->
    </test> <!-- Test -->
  </suite> <!-- Suite -->
</testng-results>
